0 info it worked if it ends with ok
1 verbose cli [ '/home/antero/.linuxbrew/Cellar/node/5.1.0/bin/node',
1 verbose cli   '/home/antero/.linuxbrew/bin/npm',
1 verbose cli   'start' ]
2 info using npm@3.3.12
3 info using node@v5.1.0
4 verbose stack Error: missing script: start
4 verbose stack     at run (/home/antero/.linuxbrew/lib/node_modules/npm/lib/run-script.js:147:19)
4 verbose stack     at /home/antero/.linuxbrew/lib/node_modules/npm/lib/run-script.js:57:5
4 verbose stack     at /home/antero/.linuxbrew/lib/node_modules/npm/node_modules/read-package-json/read-json.js:345:5
4 verbose stack     at checkBinReferences_ (/home/antero/.linuxbrew/lib/node_modules/npm/node_modules/read-package-json/read-json.js:309:45)
4 verbose stack     at final (/home/antero/.linuxbrew/lib/node_modules/npm/node_modules/read-package-json/read-json.js:343:3)
4 verbose stack     at then (/home/antero/.linuxbrew/lib/node_modules/npm/node_modules/read-package-json/read-json.js:113:5)
4 verbose stack     at ReadFileContext.<anonymous> (/home/antero/.linuxbrew/lib/node_modules/npm/node_modules/read-package-json/read-json.js:284:20)
4 verbose stack     at ReadFileContext.callback (/home/antero/.linuxbrew/lib/node_modules/npm/node_modules/graceful-fs/graceful-fs.js:76:16)
4 verbose stack     at FSReqWrap.readFileAfterOpen [as oncomplete] (fs.js:324:13)
5 verbose cwd /home/antero/ufo/server
6 error Linux 3.19.0-43-generic
7 error argv "/home/antero/.linuxbrew/Cellar/node/5.1.0/bin/node" "/home/antero/.linuxbrew/bin/npm" "start"
8 error node v5.1.0
9 error npm  v3.3.12
10 error missing script: start
11 error If you need help, you may report this error at:
11 error     <https://github.com/npm/npm/issues>
12 verbose exit [ 1, true ]
